<?xml version="1.0" encoding="UTF-8"?>
<!-- Generated by org.testng.reporters.JUnitReportReporter -->
<testsuite hostname="DESKTOP-25LN50V" failures="0" tests="49" name="test_Runner.TestRunner" time="424.378" errors="0" timestamp="2024-01-25T12:38:19 PST" skipped="0">
  <testcase classname="test_Runner.TestRunner" name="runScenario" time="12.125"/>
  <testcase classname="test_Runner.TestRunner" name="runScenario" time="10.668"/>
  <testcase classname="test_Runner.TestRunner" name="runScenario" time="7.633"/>
  <testcase classname="test_Runner.TestRunner" name="runScenario" time="7.466"/>
  <testcase classname="test_Runner.TestRunner" name="runScenario" time="5.555"/>
  <testcase classname="test_Runner.TestRunner" name="runScenario" time="7.258"/>
  <testcase classname="test_Runner.TestRunner" name="runScenario" time="5.357"/>
  <testcase classname="test_Runner.TestRunner" name="runScenario" time="7.918"/>
  <testcase classname="test_Runner.TestRunner" name="runScenario" time="11.367"/>
  <testcase classname="test_Runner.TestRunner" name="runScenario" time="7.541"/>
  <testcase classname="test_Runner.TestRunner" name="runScenario" time="7.199"/>
  <testcase classname="test_Runner.TestRunner" name="runScenario" time="5.724"/>
  <testcase classname="test_Runner.TestRunner" name="runScenario" time="4.604"/>
  <testcase classname="test_Runner.TestRunner" name="runScenario" time="11.249"/>
  <testcase classname="test_Runner.TestRunner" name="runScenario" time="7.540"/>
  <testcase classname="test_Runner.TestRunner" name="runScenario" time="11.016"/>
  <testcase classname="test_Runner.TestRunner" name="runScenario" time="7.632"/>
  <testcase classname="test_Runner.TestRunner" name="runScenario" time="12.558"/>
  <testcase classname="test_Runner.TestRunner" name="runScenario" time="11.310"/>
  <testcase classname="test_Runner.TestRunner" name="runScenario" time="5.558"/>
  <testcase classname="test_Runner.TestRunner" name="runScenario" time="4.428"/>
  <testcase classname="test_Runner.TestRunner" name="runScenario" time="11.053"/>
  <testcase classname="test_Runner.TestRunner" name="runScenario" time="10.954"/>
  <testcase classname="test_Runner.TestRunner" name="runScenario" time="9.462"/>
  <testcase classname="test_Runner.TestRunner" name="runScenario" time="3.809"/>
  <testcase classname="test_Runner.TestRunner" name="runScenario" time="7.680"/>
  <testcase classname="test_Runner.TestRunner" name="runScenario" time="7.462"/>
  <testcase classname="test_Runner.TestRunner" name="runScenario" time="8.135"/>
  <testcase classname="test_Runner.TestRunner" name="runScenario" time="9.294"/>
  <testcase classname="test_Runner.TestRunner" name="runScenario" time="11.150"/>
  <testcase classname="test_Runner.TestRunner" name="runScenario" time="7.426"/>
  <testcase classname="test_Runner.TestRunner" name="runScenario" time="13.076"/>
  <testcase classname="test_Runner.TestRunner" name="runScenario" time="13.216"/>
  <testcase classname="test_Runner.TestRunner" name="runScenario" time="7.163"/>
  <testcase classname="test_Runner.TestRunner" name="runScenario" time="7.689"/>
  <testcase classname="test_Runner.TestRunner" name="runScenario" time="12.725"/>
  <testcase classname="test_Runner.TestRunner" name="runScenario" time="7.512"/>
  <testcase classname="test_Runner.TestRunner" name="runScenario" time="11.232"/>
  <testcase classname="test_Runner.TestRunner" name="runScenario" time="8.222"/>
  <testcase classname="test_Runner.TestRunner" name="runScenario" time="11.368"/>
  <testcase classname="test_Runner.TestRunner" name="runScenario" time="7.799"/>
  <testcase classname="test_Runner.TestRunner" name="runScenario" time="7.905"/>
  <testcase classname="test_Runner.TestRunner" name="runScenario" time="7.683"/>
  <testcase classname="test_Runner.TestRunner" name="runScenario" time="11.475"/>
  <testcase classname="test_Runner.TestRunner" name="runScenario" time="5.788"/>
  <testcase classname="test_Runner.TestRunner" name="runScenario" time="7.713"/>
  <testcase classname="test_Runner.TestRunner" name="runScenario" time="7.587"/>
  <testcase classname="test_Runner.TestRunner" name="runScenario" time="13.741"/>
  <testcase classname="test_Runner.TestRunner" name="runScenario" time="4.353"/>
</testsuite> <!-- test_Runner.TestRunner -->
