<?xml version="1.0" encoding="UTF-8"?>
<!-- Generated by org.testng.reporters.JUnitReportReporter -->
<testsuite hostname="DESKTOP-25LN50V" failures="0" tests="49" name="test_Runner.TestRunner" time="735.731" errors="0" timestamp="2024-01-27T22:45:11 PST" skipped="0">
  <testcase classname="test_Runner.TestRunner" name="runScenario" time="18.949"/>
  <testcase classname="test_Runner.TestRunner" name="runScenario" time="19.221"/>
  <testcase classname="test_Runner.TestRunner" name="runScenario" time="8.147"/>
  <testcase classname="test_Runner.TestRunner" name="runScenario" time="21.457"/>
  <testcase classname="test_Runner.TestRunner" name="runScenario" time="16.096"/>
  <testcase classname="test_Runner.TestRunner" name="runScenario" time="14.919"/>
  <testcase classname="test_Runner.TestRunner" name="runScenario" time="7.272"/>
  <testcase classname="test_Runner.TestRunner" name="runScenario" time="17.543"/>
  <testcase classname="test_Runner.TestRunner" name="runScenario" time="18.931"/>
  <testcase classname="test_Runner.TestRunner" name="runScenario" time="19.122"/>
  <testcase classname="test_Runner.TestRunner" name="runScenario" time="7.855"/>
  <testcase classname="test_Runner.TestRunner" name="runScenario" time="11.552"/>
  <testcase classname="test_Runner.TestRunner" name="runScenario" time="20.431"/>
  <testcase classname="test_Runner.TestRunner" name="runScenario" time="7.733"/>
  <testcase classname="test_Runner.TestRunner" name="runScenario" time="19.107"/>
  <testcase classname="test_Runner.TestRunner" name="runScenario" time="17.659"/>
  <testcase classname="test_Runner.TestRunner" name="runScenario" time="17.379"/>
  <testcase classname="test_Runner.TestRunner" name="runScenario" time="19.423"/>
  <testcase classname="test_Runner.TestRunner" name="runScenario" time="18.794"/>
  <testcase classname="test_Runner.TestRunner" name="runScenario" time="18.064"/>
  <testcase classname="test_Runner.TestRunner" name="runScenario" time="14.060"/>
  <testcase classname="test_Runner.TestRunner" name="runScenario" time="7.269"/>
  <testcase classname="test_Runner.TestRunner" name="runScenario" time="17.248"/>
  <testcase classname="test_Runner.TestRunner" name="runScenario" time="13.498"/>
  <testcase classname="test_Runner.TestRunner" name="runScenario" time="18.234"/>
  <testcase classname="test_Runner.TestRunner" name="runScenario" time="13.500"/>
  <testcase classname="test_Runner.TestRunner" name="runScenario" time="11.717"/>
  <testcase classname="test_Runner.TestRunner" name="runScenario" time="19.793"/>
  <testcase classname="test_Runner.TestRunner" name="runScenario" time="8.367"/>
  <testcase classname="test_Runner.TestRunner" name="runScenario" time="11.005"/>
  <testcase classname="test_Runner.TestRunner" name="runScenario" time="19.025"/>
  <testcase classname="test_Runner.TestRunner" name="runScenario" time="19.040"/>
  <testcase classname="test_Runner.TestRunner" name="runScenario" time="7.865"/>
  <testcase classname="test_Runner.TestRunner" name="runScenario" time="19.123"/>
  <testcase classname="test_Runner.TestRunner" name="runScenario" time="15.053"/>
  <testcase classname="test_Runner.TestRunner" name="runScenario" time="15.589"/>
  <testcase classname="test_Runner.TestRunner" name="runScenario" time="12.721"/>
  <testcase classname="test_Runner.TestRunner" name="runScenario" time="19.207"/>
  <testcase classname="test_Runner.TestRunner" name="runScenario" time="19.542"/>
  <testcase classname="test_Runner.TestRunner" name="runScenario" time="11.968"/>
  <testcase classname="test_Runner.TestRunner" name="runScenario" time="14.448"/>
  <testcase classname="test_Runner.TestRunner" name="runScenario" time="11.604"/>
  <testcase classname="test_Runner.TestRunner" name="runScenario" time="7.668"/>
  <testcase classname="test_Runner.TestRunner" name="runScenario" time="6.758"/>
  <testcase classname="test_Runner.TestRunner" name="runScenario" time="19.628"/>
  <testcase classname="test_Runner.TestRunner" name="runScenario" time="12.172"/>
  <testcase classname="test_Runner.TestRunner" name="runScenario" time="20.813"/>
  <testcase classname="test_Runner.TestRunner" name="runScenario" time="18.830"/>
  <testcase classname="test_Runner.TestRunner" name="runScenario" time="10.332"/>
</testsuite> <!-- test_Runner.TestRunner -->
